[1011/161623.250:ERROR:settings.cc(430)] Settings version is not 5
[1011/162623.489:ERROR:filesystem_win.cc(129)] GetFileAttributes C:\Users\Fatima Q\AppData\Local\Microsoft\Edge\User Data\Crashpad\attachments\032b19a2-cb10-4e2e-be02-81648f8ca534: El sistema no puede encontrar la ruta especificada. (0x3)
[1011/162623.513:ERROR:filesystem_win.cc(129)] GetFileAttributes C:\Users\Fatima Q\AppData\Local\Microsoft\Edge\User Data\Crashpad\attachments\2193b62c-df34-4109-a928-2d9bf0687439: El sistema no puede encontrar la ruta especificada. (0x3)
[1011/162623.545:ERROR:filesystem_win.cc(129)] GetFileAttributes C:\Users\Fatima Q\AppData\Local\Microsoft\Edge\User Data\Crashpad\attachments\4b8b5a74-741c-440d-beab-20a0f5dd9c12: El sistema no puede encontrar la ruta especificada. (0x3)
[1011/162623.585:ERROR:filesystem_win.cc(129)] GetFileAttributes C:\Users\Fatima Q\AppData\Local\Microsoft\Edge\User Data\Crashpad\attachments\7001664d-0d43-4867-8ec6-bb99d72b8ca2: El sistema no puede encontrar la ruta especificada. (0x3)
[1011/162623.625:ERROR:filesystem_win.cc(129)] GetFileAttributes C:\Users\Fatima Q\AppData\Local\Microsoft\Edge\User Data\Crashpad\attachments\9514299f-7078-44d2-9774-e6f2d2b1992c: El sistema no puede encontrar la ruta especificada. (0x3)
[1011/162623.633:ERROR:filesystem_win.cc(129)] GetFileAttributes C:\Users\Fatima Q\AppData\Local\Microsoft\Edge\User Data\Crashpad\attachments\ae7fabea-86ad-48e6-b335-e0397c16ceb8: El sistema no puede encontrar la ruta especificada. (0x3)
[1011/162623.661:ERROR:filesystem_win.cc(129)] GetFileAttributes C:\Users\Fatima Q\AppData\Local\Microsoft\Edge\User Data\Crashpad\attachments\c0419847-5d42-46b6-9bcd-3b3738fec7d3: El sistema no puede encontrar la ruta especificada. (0x3)
[1011/162623.677:ERROR:filesystem_win.cc(129)] GetFileAttributes C:\Users\Fatima Q\AppData\Local\Microsoft\Edge\User Data\Crashpad\attachments\c82ad913-730b-45d6-aa96-155596b2e1e0: El sistema no puede encontrar la ruta especificada. (0x3)
[1011/162623.677:ERROR:directory_reader_win.cc(43)] FindFirstFile: El sistema no puede encontrar la ruta especificada. (0x3)
[1012/205801.431:ERROR:directory_reader_win.cc(43)] FindFirstFile: El sistema no puede encontrar la ruta especificada. (0x3)
[1013/010121.992:ERROR:process_reader_win.cc(155)] SuspendThread: Acceso denegado. (0x5)
[1013/010121.992:ERROR:process_reader_win.cc(155)] SuspendThread: Acceso denegado. (0x5)
[1013/010121.992:ERROR:process_reader_win.cc(155)] SuspendThread: Acceso denegado. (0x5)
[1013/010121.992:ERROR:process_reader_win.cc(155)] SuspendThread: Acceso denegado. (0x5)
[1013/010121.992:ERROR:process_reader_win.cc(155)] SuspendThread: Acceso denegado. (0x5)
[1013/010121.992:ERROR:process_reader_win.cc(155)] SuspendThread: Acceso denegado. (0x5)
[1013/010121.992:ERROR:process_reader_win.cc(155)] SuspendThread: Acceso denegado. (0x5)
[1013/010121.992:ERROR:process_reader_win.cc(155)] SuspendThread: Acceso denegado. (0x5)
[1013/010121.992:ERROR:process_reader_win.cc(155)] SuspendThread: Acceso denegado. (0x5)
[1013/010121.992:ERROR:process_reader_win.cc(155)] SuspendThread: Acceso denegado. (0x5)
[1013/010121.992:ERROR:process_reader_win.cc(155)] SuspendThread: Acceso denegado. (0x5)
[1013/010121.992:ERROR:process_reader_win.cc(127)] NtOpenThread: {Acceso denegado} Un proceso ha solicitado acceso a un objeto, pero no se le han concedido esos derechos de acceso. (0xc0000022)
[1013/010121.992:ERROR:exception_snapshot_win.cc(100)] thread ID 7384 not found in process
[1014/190600.853:ERROR:directory_reader_win.cc(43)] FindFirstFile: El sistema no puede encontrar la ruta especificada. (0x3)
[1015/114744.479:ERROR:directory_reader_win.cc(43)] FindFirstFile: El sistema no puede encontrar la ruta especificada. (0x3)
[1016/133713.299:ERROR:filesystem_win.cc(129)] GetFileAttributes C:\Users\Fatima Q\AppData\Local\Microsoft\Edge\User Data\Crashpad\attachments\0a882b7d-aa4c-4a4a-a89b-b2aed988fce2: El sistema no puede encontrar la ruta especificada. (0x3)
[1016/133713.331:ERROR:directory_reader_win.cc(43)] FindFirstFile: El sistema no puede encontrar la ruta especificada. (0x3)
